<?xml version="1.0" encoding="UTF-8"?>
<testsuite xmlns:xsi="http://www.w3.org/2001/XMLSchema-instance" xsi:noNamespaceSchemaLocation="https://maven.apache.org/surefire/maven-surefire-plugin/xsd/surefire-test-report.xsd" name="inter.runnerClasses.CucumberTests" time="5.372" tests="26" errors="0" skipped="0" failures="0">
  <properties>
[...]
</properties>
  <testcase name="Given the baseURI is set" classname="| 1 | Leanne Graham | Sincere@april.biz | Kulas Light | Gwenborough | Apt. 556 | 92998-3874 | -37.3159 | 81.1496 | 1-770-736-8031 x56442 | hildegard.org | Users |" time="0.002"/>
  <testcase name="Given I make a get request to the &quot;Users&quot; using &quot;1&quot;" classname="| 1 | Leanne Graham | Sincere@april.biz | Kulas Light | Gwenborough | Apt. 556 | 92998-3874 | -37.3159 | 81.1496 | 1-770-736-8031 x56442 | hildegard.org | Users |" time="0"/>
  <testcase name="Then response status code should be 200" classname="| 1 | Leanne Graham | Sincere@april.biz | Kulas Light | Gwenborough | Apt. 556 | 92998-3874 | -37.3159 | 81.1496 | 1-770-736-8031 x56442 | hildegard.org | Users |" time="0"/>
  <testcase name="And response should include the following &quot;Leanne Graham&quot; &quot;Sincere@april.biz&quot; &quot;Kulas Light&quot; &quot;Gwenborough&quot; &quot;Apt. 556&quot; &quot;92998-3874&quot; &quot;-37.3159&quot; &quot;81.1496&quot; &quot;1-770-736-8031 x56442&quot; &quot;hildegard.org&quot;" classname="| 1 | Leanne Graham | Sincere@april.biz | Kulas Light | Gwenborough | Apt. 556 | 92998-3874 | -37.3159 | 81.1496 | 1-770-736-8031 x56442 | hildegard.org | Users |" time="0.001"/>
  <testcase name="| 1 | Leanne Graham | Sincere@april.biz | Kulas Light | Gwenborough | Apt. 556 | 92998-3874 | -37.3159 | 81.1496 | 1-770-736-8031 x56442 | hildegard.org | Users |" classname="| 1 | Leanne Graham | Sincere@april.biz | Kulas Light | Gwenborough | Apt. 556 | 92998-3874 | -37.3159 | 81.1496 | 1-770-736-8031 x56442 | hildegard.org | Users |" time="0.001"/>
  <testcase name="Given the baseURI is set" classname="| 100 | Users |" time="0"/>
  <testcase name="Given I make a get request to the &quot;Users&quot; using &quot;100&quot;" classname="| 100 | Users |" time="0"/>
  <testcase name="Then response status code should be 404" classname="| 100 | Users |" time="0"/>
  <testcase name="| 100 | Users |" classname="| 100 | Users |" time="0"/>
  <testcase name="Given the baseURI is set" classname="| users | Leanne Graham | Bret | Sincere@april.biz | Kulas Light | Gwenborough | Apt. 556 | 92998-3874 | -37.3159 | 81.1496 | 1-770-736-8031 x56442 | hildegard.org | Romaguera-Crona | Multi-layered client-server neural-net | harness real-time e-markets |" time="0"/>
  <testcase name="Given I make a post request to the &quot;users&quot; using &quot;Leanne Graham&quot; &quot;Bret&quot; &quot;Sincere@april.biz&quot; &quot;Kulas Light&quot; &quot;Gwenborough&quot; &quot;Apt. 556&quot; &quot;92998-3874&quot; &quot;-37.3159&quot; &quot;81.1496&quot; &quot;1-770-736-8031 x56442&quot; &quot;hildegard.org&quot; &quot;Romaguera-Crona&quot; &quot;Multi-layered client-server neural-net&quot; &quot;harness real-time e-markets&quot;" classname="| users | Leanne Graham | Bret | Sincere@april.biz | Kulas Light | Gwenborough | Apt. 556 | 92998-3874 | -37.3159 | 81.1496 | 1-770-736-8031 x56442 | hildegard.org | Romaguera-Crona | Multi-layered client-server neural-net | harness real-time e-markets |" time="0"/>
  <testcase name="Then response status code should be 201" classname="| users | Leanne Graham | Bret | Sincere@april.biz | Kulas Light | Gwenborough | Apt. 556 | 92998-3874 | -37.3159 | 81.1496 | 1-770-736-8031 x56442 | hildegard.org | Romaguera-Crona | Multi-layered client-server neural-net | harness real-time e-markets |" time="0"/>
  <testcase name="| users | Leanne Graham | Bret | Sincere@april.biz | Kulas Light | Gwenborough | Apt. 556 | 92998-3874 | -37.3159 | 81.1496 | 1-770-736-8031 x56442 | hildegard.org | Romaguera-Crona | Multi-layered client-server neural-net | harness real-time e-markets |" classname="| users | Leanne Graham | Bret | Sincere@april.biz | Kulas Light | Gwenborough | Apt. 556 | 92998-3874 | -37.3159 | 81.1496 | 1-770-736-8031 x56442 | hildegard.org | Romaguera-Crona | Multi-layered client-server neural-net | harness real-time e-markets |" time="0"/>
  <testcase name="Given the baseURI is set" classname="| 1 | users | Leanne Graham | Bret | Sincere@april.biz | Kulas Light | Gwenborough | Apt. 556 | 92998-3874 | -37.3159 | 81.1496 | 1-770-736-8031 x56442 | hildegard.org | Romaguera-Crona | Multi-layered client-server neural-net | harness real-time e-markets |" time="0.001"/>
  <testcase name="Given I make a put request to the &quot;users&quot; using &quot;Leanne Graham&quot; &quot;Bret&quot; &quot;Sincere@april.biz&quot; &quot;Kulas Light&quot; &quot;Gwenborough&quot; &quot;Apt. 556&quot; &quot;92998-3874&quot; &quot;-37.3159&quot; &quot;81.1496&quot; &quot;1-770-736-8031 x56442&quot; &quot;hildegard.org&quot; &quot;Romaguera-Crona&quot; &quot;Multi-layered client-server neural-net&quot; &quot;harness real-time e-markets&quot; &quot;1&quot;" classname="| 1 | users | Leanne Graham | Bret | Sincere@april.biz | Kulas Light | Gwenborough | Apt. 556 | 92998-3874 | -37.3159 | 81.1496 | 1-770-736-8031 x56442 | hildegard.org | Romaguera-Crona | Multi-layered client-server neural-net | harness real-time e-markets |" time="0"/>
  <testcase name="Then response status code should be 200" classname="| 1 | users | Leanne Graham | Bret | Sincere@april.biz | Kulas Light | Gwenborough | Apt. 556 | 92998-3874 | -37.3159 | 81.1496 | 1-770-736-8031 x56442 | hildegard.org | Romaguera-Crona | Multi-layered client-server neural-net | harness real-time e-markets |" time="0"/>
  <testcase name="| 1 | users | Leanne Graham | Bret | Sincere@april.biz | Kulas Light | Gwenborough | Apt. 556 | 92998-3874 | -37.3159 | 81.1496 | 1-770-736-8031 x56442 | hildegard.org | Romaguera-Crona | Multi-layered client-server neural-net | harness real-time e-markets |" classname="| 1 | users | Leanne Graham | Bret | Sincere@april.biz | Kulas Light | Gwenborough | Apt. 556 | 92998-3874 | -37.3159 | 81.1496 | 1-770-736-8031 x56442 | hildegard.org | Romaguera-Crona | Multi-layered client-server neural-net | harness real-time e-markets |" time="0"/>
  <testcase name="Given the baseURI is set" classname="| 15 | users | Leanne Graham | Bret | Sincere@april.biz | Kulas Light | Gwenborough | Apt. 556 | 92998-3874 | -37.3159 | 81.1496 | 1-770-736-8031 x56442 | hildegard.org | Romaguera-Crona | Multi-layered client-server neural-net | harness real-time e-markets |" time="0"/>
  <testcase name="Given I make a put request to the &quot;users&quot; using &quot;Leanne Graham&quot; &quot;Bret&quot; &quot;Sincere@april.biz&quot; &quot;Kulas Light&quot; &quot;Gwenborough&quot; &quot;Apt. 556&quot; &quot;92998-3874&quot; &quot;-37.3159&quot; &quot;81.1496&quot; &quot;1-770-736-8031 x56442&quot; &quot;hildegard.org&quot; &quot;Romaguera-Crona&quot; &quot;Multi-layered client-server neural-net&quot; &quot;harness real-time e-markets&quot; &quot;15&quot;" classname="| 15 | users | Leanne Graham | Bret | Sincere@april.biz | Kulas Light | Gwenborough | Apt. 556 | 92998-3874 | -37.3159 | 81.1496 | 1-770-736-8031 x56442 | hildegard.org | Romaguera-Crona | Multi-layered client-server neural-net | harness real-time e-markets |" time="0"/>
  <testcase name="Then response status code should be 500" classname="| 15 | users | Leanne Graham | Bret | Sincere@april.biz | Kulas Light | Gwenborough | Apt. 556 | 92998-3874 | -37.3159 | 81.1496 | 1-770-736-8031 x56442 | hildegard.org | Romaguera-Crona | Multi-layered client-server neural-net | harness real-time e-markets |" time="0"/>
  <testcase name="| 15 | users | Leanne Graham | Bret | Sincere@april.biz | Kulas Light | Gwenborough | Apt. 556 | 92998-3874 | -37.3159 | 81.1496 | 1-770-736-8031 x56442 | hildegard.org | Romaguera-Crona | Multi-layered client-server neural-net | harness real-time e-markets |" classname="| 15 | users | Leanne Graham | Bret | Sincere@april.biz | Kulas Light | Gwenborough | Apt. 556 | 92998-3874 | -37.3159 | 81.1496 | 1-770-736-8031 x56442 | hildegard.org | Romaguera-Crona | Multi-layered client-server neural-net | harness real-time e-markets |" time="0"/>
  <testcase name="Given the baseURI is set" classname="| Leanne Graham | Sincere@april.biz | Kulas Light | Gwenborough | Apt. 556 | 92998-3874 | -37.3159 | 81.1496 | 1-770-736-8031 x56442 | hildegard.org | Users |" time="0"/>
  <testcase name="Given I make a search request to the &quot;Users&quot; using &quot;Sincere@april.biz&quot;" classname="| Leanne Graham | Sincere@april.biz | Kulas Light | Gwenborough | Apt. 556 | 92998-3874 | -37.3159 | 81.1496 | 1-770-736-8031 x56442 | hildegard.org | Users |" time="0"/>
  <testcase name="Then response status code should be 200" classname="| Leanne Graham | Sincere@april.biz | Kulas Light | Gwenborough | Apt. 556 | 92998-3874 | -37.3159 | 81.1496 | 1-770-736-8031 x56442 | hildegard.org | Users |" time="0"/>
  <testcase name="And response in the list should include the following &quot;Leanne Graham&quot; &quot;Sincere@april.biz&quot; &quot;Kulas Light&quot; &quot;Gwenborough&quot; &quot;Apt. 556&quot; &quot;92998-3874&quot; &quot;-37.3159&quot; &quot;81.1496&quot; &quot;1-770-736-8031 x56442&quot; &quot;hildegard.org&quot;" classname="| Leanne Graham | Sincere@april.biz | Kulas Light | Gwenborough | Apt. 556 | 92998-3874 | -37.3159 | 81.1496 | 1-770-736-8031 x56442 | hildegard.org | Users |" time="0"/>
  <testcase name="| Leanne Graham | Sincere@april.biz | Kulas Light | Gwenborough | Apt. 556 | 92998-3874 | -37.3159 | 81.1496 | 1-770-736-8031 x56442 | hildegard.org | Users |" classname="| Leanne Graham | Sincere@april.biz | Kulas Light | Gwenborough | Apt. 556 | 92998-3874 | -37.3159 | 81.1496 | 1-770-736-8031 x56442 | hildegard.org | Users |" time="0"/>
</testsuite>